\BOOKMARK [1][-]{section.1}{Introduction}{}% 1
\BOOKMARK [1][-]{section.2}{High Level Requirements}{}% 2
\BOOKMARK [1][-]{section.3}{Project Design Phases and Specifications}{}% 3
\BOOKMARK [2][-]{subsection.3.1}{Research Phase}{section.3}% 4
\BOOKMARK [3][-]{subsubsection.3.1.1}{Algorithm Analysis and Implementation Research}{subsection.3.1}% 5
\BOOKMARK [3][-]{subsubsection.3.1.2}{Data Gathering Research}{subsection.3.1}% 6
\BOOKMARK [3][-]{subsubsection.3.1.3}{FPGA Design Methodology Research}{subsection.3.1}% 7
\BOOKMARK [3][-]{subsubsection.3.1.4}{Front End Software Design Methodology Research GUI}{subsection.3.1}% 8
\BOOKMARK [3][-]{subsubsection.3.1.5}{Back End Software Design Methodology Research CRUD}{subsection.3.1}% 9
\BOOKMARK [3][-]{subsubsection.3.1.6}{Research on Best Testing methods on Software}{subsection.3.1}% 10
\BOOKMARK [3][-]{subsubsection.3.1.7}{Research on Software Maintenance Methodology}{subsection.3.1}% 11
\BOOKMARK [2][-]{subsection.3.2}{Software Design Specification}{section.3}% 12
\BOOKMARK [3][-]{subsubsection.3.2.1}{Stock Data Gathering Software Design Specification}{subsection.3.2}% 13
\BOOKMARK [3][-]{subsubsection.3.2.2}{Algorithm Design in C++ Specification}{subsection.3.2}% 14
\BOOKMARK [3][-]{subsubsection.3.2.3}{FPGA Design Specification}{subsection.3.2}% 15
\BOOKMARK [3][-]{subsubsection.3.2.4}{Back End Software Design Specification}{subsection.3.2}% 16
\BOOKMARK [3][-]{subsubsection.3.2.5}{Front End GUI Design Specification}{subsection.3.2}% 17
\BOOKMARK [3][-]{subsubsection.3.2.6}{Software Testing Specification}{subsection.3.2}% 18
\BOOKMARK [2][-]{subsection.3.3}{Detailed Description Of Algorithm Design}{section.3}% 19
\BOOKMARK [2][-]{subsection.3.4}{Detailed Description Algorithm Implementation in C++}{section.3}% 20
\BOOKMARK [2][-]{subsection.3.5}{Detailed Description Hardware Design}{section.3}% 21
\BOOKMARK [2][-]{subsection.3.6}{Detailed Description Algorithm Implementation in HardWare Description Language}{section.3}% 22
\BOOKMARK [2][-]{subsection.3.7}{Detailed Description Components Definitions}{section.3}% 23
\BOOKMARK [1][-]{section.4}{References}{}% 24
